[1224/084450.149:ERROR:directory_reader_win.cc(43)] FindFirstFile: 系统找不到指定的路径。 (0x3)
[1228/091144.945:ERROR:directory_reader_win.cc(43)] FindFirstFile: 系统找不到指定的路径。 (0x3)
[0104/120845.902:ERROR:directory_reader_win.cc(43)] FindFirstFile: 系统找不到指定的路径。 (0x3)
[0111/093525.381:ERROR:directory_reader_win.cc(43)] FindFirstFile: 系统找不到指定的路径。 (0x3)
[0113/085355.826:ERROR:process_memory_win.cc(73)] ReadMemory at 0x7ff635280000 of 64 bytes failed: 仅完成部分的 ReadProcessMemory 或 WriteProcessMemory 请求。 (0x12B)
[0113/085355.826:WARNING:pe_image_reader.cc(340)] could not read dos header from C:\Program Files (x86)\Google\Chrome\Application\chrome.exe
[0113/085355.826:ERROR:process_memory_win.cc(73)] ReadMemory at 0x7ffcee8e0000 of 64 bytes failed: 仅完成部分的 ReadProcessMemory 或 WriteProcessMemory 请求。 (0x12B)
[0113/085355.827:WARNING:pe_image_reader.cc(340)] could not read dos header from C:\WINDOWS\SYSTEM32\ntdll.dll
[0113/085355.827:ERROR:process_memory_win.cc(73)] ReadMemory at 0x7ffcecb30000 of 64 bytes failed: 仅完成部分的 ReadProcessMemory 或 WriteProcessMemory 请求。 (0x12B)
[0113/085355.827:WARNING:pe_image_reader.cc(340)] could not read dos header from C:\WINDOWS\System32\KERNEL32.DLL
[0113/085355.827:ERROR:process_memory_win.cc(73)] ReadMemory at 0x7ffceb850000 of 64 bytes failed: 仅完成部分的 ReadProcessMemory 或 WriteProcessMemory 请求。 (0x12B)
[0113/085355.827:WARNING:pe_image_reader.cc(340)] could not read dos header from C:\WINDOWS\System32\KERNELBASE.dll
[0113/085355.827:ERROR:process_memory_win.cc(73)] ReadMemory at 0x7ffcce140000 of 64 bytes failed: 仅完成部分的 ReadProcessMemory 或 WriteProcessMemory 请求。 (0x12B)
[0113/085355.827:WARNING:pe_image_reader.cc(340)] could not read dos header from C:\Program Files (x86)\Google\Chrome\Application\87.0.4280.88\chrome_elf.dll
[0113/085355.827:ERROR:process_memory_win.cc(73)] ReadMemory at 0x7ffce4480000 of 64 bytes failed: 仅完成部分的 ReadProcessMemory 或 WriteProcessMemory 请求。 (0x12B)
[0113/085355.827:WARNING:pe_image_reader.cc(340)] could not read dos header from C:\WINDOWS\SYSTEM32\VERSION.dll
[0113/085355.827:ERROR:process_memory_win.cc(73)] ReadMemory at 0x7ffcee6c0000 of 64 bytes failed: 仅完成部分的 ReadProcessMemory 或 WriteProcessMemory 请求。 (0x12B)
[0113/085355.827:WARNING:pe_image_reader.cc(340)] could not read dos header from C:\WINDOWS\System32\msvcrt.dll
[0113/085355.827:ERROR:process_memory_win.cc(73)] ReadMemory at 0x7ffcec900000 of 64 bytes failed: 仅完成部分的 ReadProcessMemory 或 WriteProcessMemory 请求。 (0x12B)
[0113/085355.827:WARNING:pe_image_reader.cc(340)] could not read dos header from C:\WINDOWS\System32\bcryptPrimitives.dll
[0113/085355.827:ERROR:process_memory_win.cc(73)] ReadMemory at 0x23816bf0000 of 64 bytes failed: 仅完成部分的 ReadProcessMemory 或 WriteProcessMemory 请求。 (0x12B)
[0113/085355.827:WARNING:pe_image_reader.cc(340)] could not read dos header from C:\WINDOWS\System32\ADVAPI32.dll
[0113/085355.828:ERROR:process_memory_win.cc(73)] ReadMemory at 0x7ffcecd20000 of 64 bytes failed: 仅完成部分的 ReadProcessMemory 或 WriteProcessMemory 请求。 (0x12B)
[0113/085355.828:WARNING:pe_image_reader.cc(340)] could not read dos header from C:\WINDOWS\System32\sechost.dll
[0113/085355.828:ERROR:process_memory_win.cc(73)] ReadMemory at 0x7ffced150000 of 64 bytes failed: 仅完成部分的 ReadProcessMemory 或 WriteProcessMemory 请求。 (0x12B)
[0113/085355.828:WARNING:pe_image_reader.cc(340)] could not read dos header from C:\WINDOWS\System32\RPCRT4.dll
[0113/085355.828:ERROR:process_memory_win.cc(73)] ReadMemory at 0x7ffc98e40000 of 64 bytes failed: 仅完成部分的 ReadProcessMemory 或 WriteProcessMemory 请求。 (0x12B)
[0113/085355.828:WARNING:pe_image_reader.cc(340)] could not read dos header from C:\Program Files (x86)\Google\Chrome\Application\87.0.4280.88\chrome.dll
[0113/085355.828:ERROR:process_memory_win.cc(73)] ReadMemory at 0x7ffced270000 of 64 bytes failed: 仅完成部分的 ReadProcessMemory 或 WriteProcessMemory 请求。 (0x12B)
[0113/085355.828:WARNING:pe_image_reader.cc(340)] could not read dos header from C:\WINDOWS\System32\WS2_32.dll
[0113/085355.828:ERROR:process_memory_win.cc(73)] ReadMemory at 0x7ffcee520000 of 64 bytes failed: 仅完成部分的 ReadProcessMemory 或 WriteProcessMemory 请求。 (0x12B)
[0113/085355.828:WARNING:pe_image_reader.cc(340)] could not read dos header from C:\WINDOWS\System32\OLEAUT32.dll
[0113/085355.828:ERROR:process_memory_win.cc(73)] ReadMemory at 0x7ffcec830000 of 64 bytes failed: 仅完成部分的 ReadProcessMemory 或 WriteProcessMemory 请求。 (0x12B)
[0113/085355.828:WARNING:pe_image_reader.cc(340)] could not read dos header from C:\WINDOWS\System32\msvcp_win.dll
[0113/085355.828:ERROR:process_memory_win.cc(73)] ReadMemory at 0x7ffcec730000 of 64 bytes failed: 仅完成部分的 ReadProcessMemory 或 WriteProcessMemory 请求。 (0x12B)
[0113/085355.828:WARNING:pe_image_reader.cc(340)] could not read dos header from C:\WINDOWS\System32\ucrtbase.dll
[0113/085355.828:ERROR:process_memory_win.cc(73)] ReadMemory at 0x7ffced2e0000 of 64 bytes failed: 仅完成部分的 ReadProcessMemory 或 WriteProcessMemory 请求。 (0x12B)
[0113/085355.828:WARNING:pe_image_reader.cc(340)] could not read dos header from C:\WINDOWS\System32\combase.dll
[0113/085355.828:ERROR:process_memory_win.cc(73)] ReadMemory at 0x7ffcebb30000 of 64 bytes failed: 仅完成部分的 ReadProcessMemory 或 WriteProcessMemory 请求。 (0x12B)
[0113/085355.828:WARNING:pe_image_reader.cc(340)] could not read dos header from C:\WINDOWS\System32\WINTRUST.dll
[0113/085355.828:ERROR:process_memory_win.cc(73)] ReadMemory at 0x7ffceb7e0000 of 64 bytes failed: 仅完成部分的 ReadProcessMemory 或 WriteProcessMemory 请求。 (0x12B)
[0113/085355.829:WARNING:pe_image_reader.cc(340)] could not read dos header from C:\WINDOWS\System32\MSASN1.dll
[0113/085355.829:ERROR:process_memory_win.cc(73)] ReadMemory at 0x7ffcebb90000 of 64 bytes failed: 仅完成部分的 ReadProcessMemory 或 WriteProcessMemory 请求。 (0x12B)
[0113/085355.829:WARNING:pe_image_reader.cc(340)] could not read dos header from C:\WINDOWS\System32\CRYPT32.dll
[0113/085355.829:ERROR:process_memory_win.cc(73)] ReadMemory at 0x7ffcdaaa0000 of 64 bytes failed: 仅完成部分的 ReadProcessMemory 或 WriteProcessMemory 请求。 (0x12B)
[0113/085355.829:WARNING:pe_image_reader.cc(340)] could not read dos header from C:\WINDOWS\SYSTEM32\dbghelp.dll
[0113/085355.829:ERROR:process_memory_win.cc(73)] ReadMemory at 0x7ffceace0000 of 64 bytes failed: 仅完成部分的 ReadProcessMemory 或 WriteProcessMemory 请求。 (0x12B)
[0113/085355.829:WARNING:pe_image_reader.cc(340)] could not read dos header from C:\WINDOWS\SYSTEM32\IPHLPAPI.DLL
[0113/085355.829:ERROR:process_memory_win.cc(73)] ReadMemory at 0x7ffce9510000 of 64 bytes failed: 仅完成部分的 ReadProcessMemory 或 WriteProcessMemory 请求。 (0x12B)
[0113/085355.829:WARNING:pe_image_reader.cc(340)] could not read dos header from C:\WINDOWS\SYSTEM32\WINMM.dll
[0113/085355.829:ERROR:process_memory_win.cc(73)] ReadMemory at 0x7ffcc4770000 of 64 bytes failed: 仅完成部分的 ReadProcessMemory 或 WriteProcessMemory 请求。 (0x12B)
[0113/085355.829:WARNING:pe_image_reader.cc(340)] could not read dos header from C:\WINDOWS\SYSTEM32\UIAutomationCore.DLL
[0113/085355.829:ERROR:process_memory_win.cc(73)] ReadMemory at 0x7ffcd64a0000 of 64 bytes failed: 仅完成部分的 ReadProcessMemory 或 WriteProcessMemory 请求。 (0x12B)
[0113/085355.829:WARNING:pe_image_reader.cc(340)] could not read dos header from C:\WINDOWS\SYSTEM32\Secur32.dll
[0113/085355.829:ERROR:process_memory_win.cc(73)] ReadMemory at 0x7ffceb6a0000 of 64 bytes failed: 仅完成部分的 ReadProcessMemory 或 WriteProcessMemory 请求。 (0x12B)
[0113/085355.829:WARNING:pe_image_reader.cc(340)] could not read dos header from C:\WINDOWS\SYSTEM32\USERENV.dll
[0113/085355.829:ERROR:process_memory_win.cc(73)] ReadMemory at 0x7ffceb800000 of 64 bytes failed: 仅完成部分的 ReadProcessMemory 或 WriteProcessMemory 请求。 (0x12B)
[0113/085355.829:WARNING:pe_image_reader.cc(340)] could not read dos header from C:\WINDOWS\System32\profapi.dll
[0113/085355.829:ERROR:process_memory_win.cc(73)] ReadMemory at 0x7ffcca640000 of 64 bytes failed: 仅完成部分的 ReadProcessMemory 或 WriteProcessMemory 请求。 (0x12B)
[0113/085355.830:WARNING:pe_image_reader.cc(340)] could not read dos header from C:\WINDOWS\SYSTEM32\DWrite.dll
[0113/085355.830:ERROR:process_memory_win.cc(73)] ReadMemory at 0x7ffcdba00000 of 64 bytes failed: 仅完成部分的 ReadProcessMemory 或 WriteProcessMemory 请求。 (0x12B)
[0113/085355.830:WARNING:pe_image_reader.cc(340)] could not read dos header from C:\WINDOWS\SYSTEM32\WINSPOOL.DRV
[0113/085355.830:ERROR:process_memory_win.cc(73)] ReadMemory at 0x7ffceb830000 of 64 bytes failed: 仅完成部分的 ReadProcessMemory 或 WriteProcessMemory 请求。 (0x12B)
[0113/085355.830:WARNING:pe_image_reader.cc(340)] could not read dos header from C:\WINDOWS\System32\kernel.appcore.dll
[0113/085355.830:ERROR:process_memory_win.cc(73)] ReadMemory at 0x7ffcebb00000 of 64 bytes failed: 仅完成部分的 ReadProcessMemory 或 WriteProcessMemory 请求。 (0x12B)
[0113/085355.830:WARNING:pe_image_reader.cc(340)] could not read dos header from C:\WINDOWS\System32\bcrypt.dll
[0113/085355.830:ERROR:process_memory_win.cc(73)] ReadMemory at 0x7ffce21c0000 of 64 bytes failed: 仅完成部分的 ReadProcessMemory 或 WriteProcessMemory 请求。 (0x12B)
[0113/085355.830:WARNING:pe_image_reader.cc(340)] could not read dos header from C:\WINDOWS\SYSTEM32\WINHTTP.dll
[0113/085355.830:ERROR:process_memory_win.cc(73)] ReadMemory at 0x7ffce2a50000 of 64 bytes failed: 仅完成部分的 ReadProcessMemory 或 WriteProcessMemory 请求。 (0x12B)
[0113/085355.830:WARNING:pe_image_reader.cc(340)] could not read dos header from C:\WINDOWS\SYSTEM32\dhcpcsvc.DLL
[0113/085355.830:ERROR:process_memory_win.cc(73)] ReadMemory at 0x7ffcede20000 of 64 bytes failed: 仅完成部分的 ReadProcessMemory 或 WriteProcessMemory 请求。 (0x12B)
[0113/085355.830:WARNING:pe_image_reader.cc(340)] could not read dos header from C:\WINDOWS\System32\NSI.dll
[0113/085355.830:ERROR:process_memory_win.cc(73)] ReadMemory at 0x7ffce9400000 of 64 bytes failed: 仅完成部分的 ReadProcessMemory 或 WriteProcessMemory 请求。 (0x12B)
[0113/085355.830:WARNING:pe_image_reader.cc(340)] could not read dos header from C:\WINDOWS\SYSTEM32\WINMMBASE.dll
[0113/085355.830:ERROR:process_memory_win.cc(73)] ReadMemory at 0x7ffcec6e0000 of 64 bytes failed: 仅完成部分的 ReadProcessMemory 或 WriteProcessMemory 请求。 (0x12B)
[0113/085355.830:WARNING:pe_image_reader.cc(340)] could not read dos header from C:\WINDOWS\System32\cfgmgr32.dll
[0113/085355.831:ERROR:process_memory_win.cc(73)] ReadMemory at 0x7ffce7e80000 of 64 bytes failed: 仅完成部分的 ReadProcessMemory 或 WriteProcessMemory 请求。 (0x12B)
[0113/085355.831:WARNING:pe_image_reader.cc(340)] could not read dos header from C:\WINDOWS\SYSTEM32\PROPSYS.dll
[0113/085355.831:ERROR:process_memory_win.cc(73)] ReadMemory at 0x7ffcee5f0000 of 64 bytes failed: 仅完成部分的 ReadProcessMemory 或 WriteProcessMemory 请求。 (0x12B)
[0113/085355.831:WARNING:pe_image_reader.cc(340)] could not read dos header from C:\WINDOWS\System32\shcore.dll
[0113/085355.831:ERROR:process_memory_win.cc(73)] ReadMemory at 0x7ffceb660000 of 64 bytes failed: 仅完成部分的 ReadProcessMemory 或 WriteProcessMemory 请求。 (0x12B)
[0113/085355.831:WARNING:pe_image_reader.cc(340)] could not read dos header from C:\WINDOWS\SYSTEM32\SSPICLI.DLL
[0113/085355.831:ERROR:process_memory_win.cc(73)] ReadMemory at 0x7ffceb1a0000 of 64 bytes failed: 仅完成部分的 ReadProcessMemory 或 WriteProcessMemory 请求。 (0x12B)
[0113/085355.831:WARNING:pe_image_reader.cc(340)] could not read dos header from C:\WINDOWS\SYSTEM32\CRYPTBASE.DLL
[0113/085355.842:ERROR:process_memory_win.cc(73)] ReadMemory at 0x7ff635280000 of 64 bytes failed: 仅完成部分的 ReadProcessMemory 或 WriteProcessMemory 请求。 (0x12B)
[0113/085355.842:WARNING:pe_image_reader.cc(340)] could not read dos header from C:\Program Files (x86)\Google\Chrome\Application\chrome.exe
[0113/085355.842:ERROR:process_memory_win.cc(73)] ReadMemory at 0x7ffcee8e0000 of 64 bytes failed: 仅完成部分的 ReadProcessMemory 或 WriteProcessMemory 请求。 (0x12B)
[0113/085355.842:WARNING:pe_image_reader.cc(340)] could not read dos header from C:\WINDOWS\SYSTEM32\ntdll.dll
[0113/085355.842:ERROR:process_memory_win.cc(73)] ReadMemory at 0x7ffcecb30000 of 64 bytes failed: 仅完成部分的 ReadProcessMemory 或 WriteProcessMemory 请求。 (0x12B)
[0113/085355.842:WARNING:pe_image_reader.cc(340)] could not read dos header from C:\WINDOWS\System32\KERNEL32.DLL
[0113/085355.842:ERROR:process_memory_win.cc(73)] ReadMemory at 0x7ffceb850000 of 64 bytes failed: 仅完成部分的 ReadProcessMemory 或 WriteProcessMemory 请求。 (0x12B)
[0113/085355.842:WARNING:pe_image_reader.cc(340)] could not read dos header from C:\WINDOWS\System32\KERNELBASE.dll
[0113/085355.842:ERROR:process_memory_win.cc(73)] ReadMemory at 0x7ffcce140000 of 64 bytes failed: 仅完成部分的 ReadProcessMemory 或 WriteProcessMemory 请求。 (0x12B)
[0113/085355.842:WARNING:pe_image_reader.cc(340)] could not read dos header from C:\Program Files (x86)\Google\Chrome\Application\87.0.4280.88\chrome_elf.dll
[0113/085355.842:ERROR:process_memory_win.cc(73)] ReadMemory at 0x7ffce4480000 of 64 bytes failed: 仅完成部分的 ReadProcessMemory 或 WriteProcessMemory 请求。 (0x12B)
[0113/085355.842:WARNING:pe_image_reader.cc(340)] could not read dos header from C:\WINDOWS\SYSTEM32\VERSION.dll
[0113/085355.842:ERROR:process_memory_win.cc(73)] ReadMemory at 0x7ffcee6c0000 of 64 bytes failed: 仅完成部分的 ReadProcessMemory 或 WriteProcessMemory 请求。 (0x12B)
[0113/085355.842:WARNING:pe_image_reader.cc(340)] could not read dos header from C:\WINDOWS\System32\msvcrt.dll
[0113/085355.842:ERROR:process_memory_win.cc(73)] ReadMemory at 0x7ffcec900000 of 64 bytes failed: 仅完成部分的 ReadProcessMemory 或 WriteProcessMemory 请求。 (0x12B)
[0113/085355.842:WARNING:pe_image_reader.cc(340)] could not read dos header from C:\WINDOWS\System32\bcryptPrimitives.dll
[0113/085355.842:ERROR:process_memory_win.cc(73)] ReadMemory at 0x23816bf0000 of 64 bytes failed: 仅完成部分的 ReadProcessMemory 或 WriteProcessMemory 请求。 (0x12B)
[0113/085355.842:WARNING:pe_image_reader.cc(340)] could not read dos header from C:\WINDOWS\System32\ADVAPI32.dll
[0113/085355.842:ERROR:process_memory_win.cc(73)] ReadMemory at 0x7ffcecd20000 of 64 bytes failed: 仅完成部分的 ReadProcessMemory 或 WriteProcessMemory 请求。 (0x12B)
[0113/085355.842:WARNING:pe_image_reader.cc(340)] could not read dos header from C:\WINDOWS\System32\sechost.dll
[0113/085355.843:ERROR:process_memory_win.cc(73)] ReadMemory at 0x7ffced150000 of 64 bytes failed: 仅完成部分的 ReadProcessMemory 或 WriteProcessMemory 请求。 (0x12B)
[0113/085355.843:WARNING:pe_image_reader.cc(340)] could not read dos header from C:\WINDOWS\System32\RPCRT4.dll
[0113/085355.843:ERROR:process_memory_win.cc(73)] ReadMemory at 0x7ffc98e40000 of 64 bytes failed: 仅完成部分的 ReadProcessMemory 或 WriteProcessMemory 请求。 (0x12B)
[0113/085355.843:WARNING:pe_image_reader.cc(340)] could not read dos header from C:\Program Files (x86)\Google\Chrome\Application\87.0.4280.88\chrome.dll
[0113/085355.843:ERROR:process_memory_win.cc(73)] ReadMemory at 0x7ffced270000 of 64 bytes failed: 仅完成部分的 ReadProcessMemory 或 WriteProcessMemory 请求。 (0x12B)
[0113/085355.843:WARNING:pe_image_reader.cc(340)] could not read dos header from C:\WINDOWS\System32\WS2_32.dll
[0113/085355.843:ERROR:process_memory_win.cc(73)] ReadMemory at 0x7ffcee520000 of 64 bytes failed: 仅完成部分的 ReadProcessMemory 或 WriteProcessMemory 请求。 (0x12B)
[0113/085355.843:WARNING:pe_image_reader.cc(340)] could not read dos header from C:\WINDOWS\System32\OLEAUT32.dll
[0113/085355.843:ERROR:process_memory_win.cc(73)] ReadMemory at 0x7ffcec830000 of 64 bytes failed: 仅完成部分的 ReadProcessMemory 或 WriteProcessMemory 请求。 (0x12B)
[0113/085355.843:WARNING:pe_image_reader.cc(340)] could not read dos header from C:\WINDOWS\System32\msvcp_win.dll
[0113/085355.843:ERROR:process_memory_win.cc(73)] ReadMemory at 0x7ffcec730000 of 64 bytes failed: 仅完成部分的 ReadProcessMemory 或 WriteProcessMemory 请求。 (0x12B)
[0113/085355.843:WARNING:pe_image_reader.cc(340)] could not read dos header from C:\WINDOWS\System32\ucrtbase.dll
[0113/085355.843:ERROR:process_memory_win.cc(73)] ReadMemory at 0x7ffced2e0000 of 64 bytes failed: 仅完成部分的 ReadProcessMemory 或 WriteProcessMemory 请求。 (0x12B)
[0113/085355.843:WARNING:pe_image_reader.cc(340)] could not read dos header from C:\WINDOWS\System32\combase.dll
[0113/085355.843:ERROR:process_memory_win.cc(73)] ReadMemory at 0x7ffcebb30000 of 64 bytes failed: 仅完成部分的 ReadProcessMemory 或 WriteProcessMemory 请求。 (0x12B)
[0113/085355.844:WARNING:pe_image_reader.cc(340)] could not read dos header from C:\WINDOWS\System32\WINTRUST.dll
[0113/085355.844:ERROR:process_memory_win.cc(73)] ReadMemory at 0x7ffceb7e0000 of 64 bytes failed: 仅完成部分的 ReadProcessMemory 或 WriteProcessMemory 请求。 (0x12B)
[0113/085355.844:WARNING:pe_image_reader.cc(340)] could not read dos header from C:\WINDOWS\System32\MSASN1.dll
[0113/085355.844:ERROR:process_memory_win.cc(73)] ReadMemory at 0x7ffcebb90000 of 64 bytes failed: 仅完成部分的 ReadProcessMemory 或 WriteProcessMemory 请求。 (0x12B)
[0113/085355.844:WARNING:pe_image_reader.cc(340)] could not read dos header from C:\WINDOWS\System32\CRYPT32.dll
[0113/085355.844:ERROR:process_memory_win.cc(73)] ReadMemory at 0x7ffcdaaa0000 of 64 bytes failed: 仅完成部分的 ReadProcessMemory 或 WriteProcessMemory 请求。 (0x12B)
[0113/085355.844:WARNING:pe_image_reader.cc(340)] could not read dos header from C:\WINDOWS\SYSTEM32\dbghelp.dll
[0113/085355.844:ERROR:process_memory_win.cc(73)] ReadMemory at 0x7ffceace0000 of 64 bytes failed: 仅完成部分的 ReadProcessMemory 或 WriteProcessMemory 请求。 (0x12B)
[0113/085355.844:WARNING:pe_image_reader.cc(340)] could not read dos header from C:\WINDOWS\SYSTEM32\IPHLPAPI.DLL
[0113/085355.844:ERROR:process_memory_win.cc(73)] ReadMemory at 0x7ffce9510000 of 64 bytes failed: 仅完成部分的 ReadProcessMemory 或 WriteProcessMemory 请求。 (0x12B)
[0113/085355.844:WARNING:pe_image_reader.cc(340)] could not read dos header from C:\WINDOWS\SYSTEM32\WINMM.dll
[0113/085355.844:ERROR:process_memory_win.cc(73)] ReadMemory at 0x7ffcc4770000 of 64 bytes failed: 仅完成部分的 ReadProcessMemory 或 WriteProcessMemory 请求。 (0x12B)
[0113/085355.844:WARNING:pe_image_reader.cc(340)] could not read dos header from C:\WINDOWS\SYSTEM32\UIAutomationCore.DLL
[0113/085355.844:ERROR:process_memory_win.cc(73)] ReadMemory at 0x7ffcd64a0000 of 64 bytes failed: 仅完成部分的 ReadProcessMemory 或 WriteProcessMemory 请求。 (0x12B)
[0113/085355.844:WARNING:pe_image_reader.cc(340)] could not read dos header from C:\WINDOWS\SYSTEM32\Secur32.dll
[0113/085355.844:ERROR:process_memory_win.cc(73)] ReadMemory at 0x7ffceb6a0000 of 64 bytes failed: 仅完成部分的 ReadProcessMemory 或 WriteProcessMemory 请求。 (0x12B)
[0113/085355.844:WARNING:pe_image_reader.cc(340)] could not read dos header from C:\WINDOWS\SYSTEM32\USERENV.dll
[0113/085355.845:ERROR:process_memory_win.cc(73)] ReadMemory at 0x7ffceb800000 of 64 bytes failed: 仅完成部分的 ReadProcessMemory 或 WriteProcessMemory 请求。 (0x12B)
[0113/085355.845:WARNING:pe_image_reader.cc(340)] could not read dos header from C:\WINDOWS\System32\profapi.dll
[0113/085355.845:ERROR:process_memory_win.cc(73)] ReadMemory at 0x7ffcca640000 of 64 bytes failed: 仅完成部分的 ReadProcessMemory 或 WriteProcessMemory 请求。 (0x12B)
[0113/085355.845:WARNING:pe_image_reader.cc(340)] could not read dos header from C:\WINDOWS\SYSTEM32\DWrite.dll
[0113/085355.845:ERROR:process_memory_win.cc(73)] ReadMemory at 0x7ffcdba00000 of 64 bytes failed: 仅完成部分的 ReadProcessMemory 或 WriteProcessMemory 请求。 (0x12B)
[0113/085355.845:WARNING:pe_image_reader.cc(340)] could not read dos header from C:\WINDOWS\SYSTEM32\WINSPOOL.DRV
[0113/085355.845:ERROR:process_memory_win.cc(73)] ReadMemory at 0x7ffceb830000 of 64 bytes failed: 仅完成部分的 ReadProcessMemory 或 WriteProcessMemory 请求。 (0x12B)
[0113/085355.845:WARNING:pe_image_reader.cc(340)] could not read dos header from C:\WINDOWS\System32\kernel.appcore.dll
[0113/085355.845:ERROR:process_memory_win.cc(73)] ReadMemory at 0x7ffcebb00000 of 64 bytes failed: 仅完成部分的 ReadProcessMemory 或 WriteProcessMemory 请求。 (0x12B)
[0113/085355.845:WARNING:pe_image_reader.cc(340)] could not read dos header from C:\WINDOWS\System32\bcrypt.dll
[0113/085355.845:ERROR:process_memory_win.cc(73)] ReadMemory at 0x7ffce21c0000 of 64 bytes failed: 仅完成部分的 ReadProcessMemory 或 WriteProcessMemory 请求。 (0x12B)
[0113/085355.845:WARNING:pe_image_reader.cc(340)] could not read dos header from C:\WINDOWS\SYSTEM32\WINHTTP.dll
[0113/085355.845:ERROR:process_memory_win.cc(73)] ReadMemory at 0x7ffce2a50000 of 64 bytes failed: 仅完成部分的 ReadProcessMemory 或 WriteProcessMemory 请求。 (0x12B)
[0113/085355.845:WARNING:pe_image_reader.cc(340)] could not read dos header from C:\WINDOWS\SYSTEM32\dhcpcsvc.DLL
[0113/085355.845:ERROR:process_memory_win.cc(73)] ReadMemory at 0x7ffcede20000 of 64 bytes failed: 仅完成部分的 ReadProcessMemory 或 WriteProcessMemory 请求。 (0x12B)
[0113/085355.845:WARNING:pe_image_reader.cc(340)] could not read dos header from C:\WINDOWS\System32\NSI.dll
[0113/085355.845:ERROR:process_memory_win.cc(73)] ReadMemory at 0x7ffce9400000 of 64 bytes failed: 仅完成部分的 ReadProcessMemory 或 WriteProcessMemory 请求。 (0x12B)
[0113/085355.845:WARNING:pe_image_reader.cc(340)] could not read dos header from C:\WINDOWS\SYSTEM32\WINMMBASE.dll
[0113/085355.845:ERROR:process_memory_win.cc(73)] ReadMemory at 0x7ffcec6e0000 of 64 bytes failed: 仅完成部分的 ReadProcessMemory 或 WriteProcessMemory 请求。 (0x12B)
[0113/085355.846:WARNING:pe_image_reader.cc(340)] could not read dos header from C:\WINDOWS\System32\cfgmgr32.dll
[0113/085355.846:ERROR:process_memory_win.cc(73)] ReadMemory at 0x7ffce7e80000 of 64 bytes failed: 仅完成部分的 ReadProcessMemory 或 WriteProcessMemory 请求。 (0x12B)
[0113/085355.846:WARNING:pe_image_reader.cc(340)] could not read dos header from C:\WINDOWS\SYSTEM32\PROPSYS.dll
[0113/085355.846:ERROR:process_memory_win.cc(73)] ReadMemory at 0x7ffcee5f0000 of 64 bytes failed: 仅完成部分的 ReadProcessMemory 或 WriteProcessMemory 请求。 (0x12B)
[0113/085355.846:WARNING:pe_image_reader.cc(340)] could not read dos header from C:\WINDOWS\System32\shcore.dll
[0113/085355.846:ERROR:process_memory_win.cc(73)] ReadMemory at 0x7ffceb660000 of 64 bytes failed: 仅完成部分的 ReadProcessMemory 或 WriteProcessMemory 请求。 (0x12B)
[0113/085355.846:WARNING:pe_image_reader.cc(340)] could not read dos header from C:\WINDOWS\SYSTEM32\SSPICLI.DLL
[0113/085355.846:ERROR:process_memory_win.cc(73)] ReadMemory at 0x7ffceb1a0000 of 64 bytes failed: 仅完成部分的 ReadProcessMemory 或 WriteProcessMemory 请求。 (0x12B)
[0113/085355.846:WARNING:pe_image_reader.cc(340)] could not read dos header from C:\WINDOWS\SYSTEM32\CRYPTBASE.DLL
[0113/085355.846:ERROR:process_memory_win.cc(73)] ReadMemory at 0x7ff635280000 of 64 bytes failed: 仅完成部分的 ReadProcessMemory 或 WriteProcessMemory 请求。 (0x12B)
[0113/085355.846:WARNING:pe_image_reader.cc(340)] could not read dos header from C:\Program Files (x86)\Google\Chrome\Application\chrome.exe
[0113/085355.846:ERROR:process_memory_win.cc(73)] ReadMemory at 0x7ffcee8e0000 of 64 bytes failed: 仅完成部分的 ReadProcessMemory 或 WriteProcessMemory 请求。 (0x12B)
[0113/085355.846:WARNING:pe_image_reader.cc(340)] could not read dos header from C:\WINDOWS\SYSTEM32\ntdll.dll
[0113/085355.846:ERROR:process_memory_win.cc(73)] ReadMemory at 0x7ffcecb30000 of 64 bytes failed: 仅完成部分的 ReadProcessMemory 或 WriteProcessMemory 请求。 (0x12B)
[0113/085355.846:WARNING:pe_image_reader.cc(340)] could not read dos header from C:\WINDOWS\System32\KERNEL32.DLL
[0113/085355.846:ERROR:process_memory_win.cc(73)] ReadMemory at 0x7ffceb850000 of 64 bytes failed: 仅完成部分的 ReadProcessMemory 或 WriteProcessMemory 请求。 (0x12B)
[0113/085355.846:WARNING:pe_image_reader.cc(340)] could not read dos header from C:\WINDOWS\System32\KERNELBASE.dll
[0113/085355.847:ERROR:process_memory_win.cc(73)] ReadMemory at 0x7ffcce140000 of 64 bytes failed: 仅完成部分的 ReadProcessMemory 或 WriteProcessMemory 请求。 (0x12B)
[0113/085355.847:WARNING:pe_image_reader.cc(340)] could not read dos header from C:\Program Files (x86)\Google\Chrome\Application\87.0.4280.88\chrome_elf.dll
[0113/085355.847:ERROR:process_memory_win.cc(73)] ReadMemory at 0x7ffce4480000 of 64 bytes failed: 仅完成部分的 ReadProcessMemory 或 WriteProcessMemory 请求。 (0x12B)
[0113/085355.847:WARNING:pe_image_reader.cc(340)] could not read dos header from C:\WINDOWS\SYSTEM32\VERSION.dll
[0113/085355.847:ERROR:process_memory_win.cc(73)] ReadMemory at 0x7ffcee6c0000 of 64 bytes failed: 仅完成部分的 ReadProcessMemory 或 WriteProcessMemory 请求。 (0x12B)
[0113/085355.847:WARNING:pe_image_reader.cc(340)] could not read dos header from C:\WINDOWS\System32\msvcrt.dll
[0113/085355.847:ERROR:process_memory_win.cc(73)] ReadMemory at 0x7ffcec900000 of 64 bytes failed: 仅完成部分的 ReadProcessMemory 或 WriteProcessMemory 请求。 (0x12B)
[0113/085355.847:WARNING:pe_image_reader.cc(340)] could not read dos header from C:\WINDOWS\System32\bcryptPrimitives.dll
[0113/085355.847:ERROR:process_memory_win.cc(73)] ReadMemory at 0x23816bf0000 of 64 bytes failed: 仅完成部分的 ReadProcessMemory 或 WriteProcessMemory 请求。 (0x12B)
[0113/085355.847:WARNING:pe_image_reader.cc(340)] could not read dos header from C:\WINDOWS\System32\ADVAPI32.dll
[0113/085355.847:ERROR:process_memory_win.cc(73)] ReadMemory at 0x7ffcecd20000 of 64 bytes failed: 仅完成部分的 ReadProcessMemory 或 WriteProcessMemory 请求。 (0x12B)
[0113/085355.847:WARNING:pe_image_reader.cc(340)] could not read dos header from C:\WINDOWS\System32\sechost.dll
[0113/085355.847:ERROR:process_memory_win.cc(73)] ReadMemory at 0x7ffced150000 of 64 bytes failed: 仅完成部分的 ReadProcessMemory 或 WriteProcessMemory 请求。 (0x12B)
[0113/085355.847:WARNING:pe_image_reader.cc(340)] could not read dos header from C:\WINDOWS\System32\RPCRT4.dll
[0113/085355.847:ERROR:process_memory_win.cc(73)] ReadMemory at 0x7ffc98e40000 of 64 bytes failed: 仅完成部分的 ReadProcessMemory 或 WriteProcessMemory 请求。 (0x12B)
[0113/085355.847:WARNING:pe_image_reader.cc(340)] could not read dos header from C:\Program Files (x86)\Google\Chrome\Application\87.0.4280.88\chrome.dll
[0113/085355.847:ERROR:process_memory_win.cc(73)] ReadMemory at 0x7ffced270000 of 64 bytes failed: 仅完成部分的 ReadProcessMemory 或 WriteProcessMemory 请求。 (0x12B)
[0113/085355.847:WARNING:pe_image_reader.cc(340)] could not read dos header from C:\WINDOWS\System32\WS2_32.dll
[0113/085355.847:ERROR:process_memory_win.cc(73)] ReadMemory at 0x7ffcee520000 of 64 bytes failed: 仅完成部分的 ReadProcessMemory 或 WriteProcessMemory 请求。 (0x12B)
[0113/085355.847:WARNING:pe_image_reader.cc(340)] could not read dos header from C:\WINDOWS\System32\OLEAUT32.dll
[0113/085355.848:ERROR:process_memory_win.cc(73)] ReadMemory at 0x7ffcec830000 of 64 bytes failed: 仅完成部分的 ReadProcessMemory 或 WriteProcessMemory 请求。 (0x12B)
[0113/085355.848:WARNING:pe_image_reader.cc(340)] could not read dos header from C:\WINDOWS\System32\msvcp_win.dll
[0113/085355.848:ERROR:process_memory_win.cc(73)] ReadMemory at 0x7ffcec730000 of 64 bytes failed: 仅完成部分的 ReadProcessMemory 或 WriteProcessMemory 请求。 (0x12B)
[0113/085355.848:WARNING:pe_image_reader.cc(340)] could not read dos header from C:\WINDOWS\System32\ucrtbase.dll
[0113/085355.848:ERROR:process_memory_win.cc(73)] ReadMemory at 0x7ffced2e0000 of 64 bytes failed: 仅完成部分的 ReadProcessMemory 或 WriteProcessMemory 请求。 (0x12B)
[0113/085355.848:WARNING:pe_image_reader.cc(340)] could not read dos header from C:\WINDOWS\System32\combase.dll
[0113/085355.848:ERROR:process_memory_win.cc(73)] ReadMemory at 0x7ffcebb30000 of 64 bytes failed: 仅完成部分的 ReadProcessMemory 或 WriteProcessMemory 请求。 (0x12B)
[0113/085355.848:WARNING:pe_image_reader.cc(340)] could not read dos header from C:\WINDOWS\System32\WINTRUST.dll
[0113/085355.848:ERROR:process_memory_win.cc(73)] ReadMemory at 0x7ffceb7e0000 of 64 bytes failed: 仅完成部分的 ReadProcessMemory 或 WriteProcessMemory 请求。 (0x12B)
[0113/085355.848:WARNING:pe_image_reader.cc(340)] could not read dos header from C:\WINDOWS\System32\MSASN1.dll
[0113/085355.848:ERROR:process_memory_win.cc(73)] ReadMemory at 0x7ffcebb90000 of 64 bytes failed: 仅完成部分的 ReadProcessMemory 或 WriteProcessMemory 请求。 (0x12B)
[0113/085355.848:WARNING:pe_image_reader.cc(340)] could not read dos header from C:\WINDOWS\System32\CRYPT32.dll
[0113/085355.848:ERROR:process_memory_win.cc(73)] ReadMemory at 0x7ffcdaaa0000 of 64 bytes failed: 仅完成部分的 ReadProcessMemory 或 WriteProcessMemory 请求。 (0x12B)
[0113/085355.848:WARNING:pe_image_reader.cc(340)] could not read dos header from C:\WINDOWS\SYSTEM32\dbghelp.dll
[0113/085355.848:ERROR:process_memory_win.cc(73)] ReadMemory at 0x7ffceace0000 of 64 bytes failed: 仅完成部分的 ReadProcessMemory 或 WriteProcessMemory 请求。 (0x12B)
[0113/085355.848:WARNING:pe_image_reader.cc(340)] could not read dos header from C:\WINDOWS\SYSTEM32\IPHLPAPI.DLL
[0113/085355.848:ERROR:process_memory_win.cc(73)] ReadMemory at 0x7ffce9510000 of 64 bytes failed: 仅完成部分的 ReadProcessMemory 或 WriteProcessMemory 请求。 (0x12B)
[0113/085355.849:WARNING:pe_image_reader.cc(340)] could not read dos header from C:\WINDOWS\SYSTEM32\WINMM.dll
[0113/085355.849:ERROR:process_memory_win.cc(73)] ReadMemory at 0x7ffcc4770000 of 64 bytes failed: 仅完成部分的 ReadProcessMemory 或 WriteProcessMemory 请求。 (0x12B)
[0113/085355.849:WARNING:pe_image_reader.cc(340)] could not read dos header from C:\WINDOWS\SYSTEM32\UIAutomationCore.DLL
[0113/085355.849:ERROR:process_memory_win.cc(73)] ReadMemory at 0x7ffcd64a0000 of 64 bytes failed: 仅完成部分的 ReadProcessMemory 或 WriteProcessMemory 请求。 (0x12B)
[0113/085355.849:WARNING:pe_image_reader.cc(340)] could not read dos header from C:\WINDOWS\SYSTEM32\Secur32.dll
[0113/085355.849:ERROR:process_memory_win.cc(73)] ReadMemory at 0x7ffceb6a0000 of 64 bytes failed: 仅完成部分的 ReadProcessMemory 或 WriteProcessMemory 请求。 (0x12B)
[0113/085355.849:WARNING:pe_image_reader.cc(340)] could not read dos header from C:\WINDOWS\SYSTEM32\USERENV.dll
[0113/085355.849:ERROR:process_memory_win.cc(73)] ReadMemory at 0x7ffceb800000 of 64 bytes failed: 仅完成部分的 ReadProcessMemory 或 WriteProcessMemory 请求。 (0x12B)
[0113/085355.849:WARNING:pe_image_reader.cc(340)] could not read dos header from C:\WINDOWS\System32\profapi.dll
[0113/085355.849:ERROR:process_memory_win.cc(73)] ReadMemory at 0x7ffcca640000 of 64 bytes failed: 仅完成部分的 ReadProcessMemory 或 WriteProcessMemory 请求。 (0x12B)
[0113/085355.849:WARNING:pe_image_reader.cc(340)] could not read dos header from C:\WINDOWS\SYSTEM32\DWrite.dll
[0113/085355.849:ERROR:process_memory_win.cc(73)] ReadMemory at 0x7ffcdba00000 of 64 bytes failed: 仅完成部分的 ReadProcessMemory 或 WriteProcessMemory 请求。 (0x12B)
[0113/085355.849:WARNING:pe_image_reader.cc(340)] could not read dos header from C:\WINDOWS\SYSTEM32\WINSPOOL.DRV
[0113/085355.849:ERROR:process_memory_win.cc(73)] ReadMemory at 0x7ffceb830000 of 64 bytes failed: 仅完成部分的 ReadProcessMemory 或 WriteProcessMemory 请求。 (0x12B)
[0113/085355.849:WARNING:pe_image_reader.cc(340)] could not read dos header from C:\WINDOWS\System32\kernel.appcore.dll
[0113/085355.849:ERROR:process_memory_win.cc(73)] ReadMemory at 0x7ffcebb00000 of 64 bytes failed: 仅完成部分的 ReadProcessMemory 或 WriteProcessMemory 请求。 (0x12B)
[0113/085355.850:WARNING:pe_image_reader.cc(340)] could not read dos header from C:\WINDOWS\System32\bcrypt.dll
[0113/085355.850:ERROR:process_memory_win.cc(73)] ReadMemory at 0x7ffce21c0000 of 64 bytes failed: 仅完成部分的 ReadProcessMemory 或 WriteProcessMemory 请求。 (0x12B)
[0113/085355.850:WARNING:pe_image_reader.cc(340)] could not read dos header from C:\WINDOWS\SYSTEM32\WINHTTP.dll
[0113/085355.850:ERROR:process_memory_win.cc(73)] ReadMemory at 0x7ffce2a50000 of 64 bytes failed: 仅完成部分的 ReadProcessMemory 或 WriteProcessMemory 请求。 (0x12B)
[0113/085355.850:WARNING:pe_image_reader.cc(340)] could not read dos header from C:\WINDOWS\SYSTEM32\dhcpcsvc.DLL
[0113/085355.850:ERROR:process_memory_win.cc(73)] ReadMemory at 0x7ffcede20000 of 64 bytes failed: 仅完成部分的 ReadProcessMemory 或 WriteProcessMemory 请求。 (0x12B)
[0113/085355.850:WARNING:pe_image_reader.cc(340)] could not read dos header from C:\WINDOWS\System32\NSI.dll
[0113/085355.850:ERROR:process_memory_win.cc(73)] ReadMemory at 0x7ffce9400000 of 64 bytes failed: 仅完成部分的 ReadProcessMemory 或 WriteProcessMemory 请求。 (0x12B)
[0113/085355.850:WARNING:pe_image_reader.cc(340)] could not read dos header from C:\WINDOWS\SYSTEM32\WINMMBASE.dll
[0113/085355.850:ERROR:process_memory_win.cc(73)] ReadMemory at 0x7ffcec6e0000 of 64 bytes failed: 仅完成部分的 ReadProcessMemory 或 WriteProcessMemory 请求。 (0x12B)
[0113/085355.851:WARNING:pe_image_reader.cc(340)] could not read dos header from C:\WINDOWS\System32\cfgmgr32.dll
[0113/085355.851:ERROR:process_memory_win.cc(73)] ReadMemory at 0x7ffce7e80000 of 64 bytes failed: 仅完成部分的 ReadProcessMemory 或 WriteProcessMemory 请求。 (0x12B)
[0113/085355.851:WARNING:pe_image_reader.cc(340)] could not read dos header from C:\WINDOWS\SYSTEM32\PROPSYS.dll
[0113/085355.851:ERROR:process_memory_win.cc(73)] ReadMemory at 0x7ffcee5f0000 of 64 bytes failed: 仅完成部分的 ReadProcessMemory 或 WriteProcessMemory 请求。 (0x12B)
[0113/085355.851:WARNING:pe_image_reader.cc(340)] could not read dos header from C:\WINDOWS\System32\shcore.dll
[0113/085355.851:ERROR:process_memory_win.cc(73)] ReadMemory at 0x7ffceb660000 of 64 bytes failed: 仅完成部分的 ReadProcessMemory 或 WriteProcessMemory 请求。 (0x12B)
[0113/085355.851:WARNING:pe_image_reader.cc(340)] could not read dos header from C:\WINDOWS\SYSTEM32\SSPICLI.DLL
[0113/085355.851:ERROR:process_memory_win.cc(73)] ReadMemory at 0x7ffceb1a0000 of 64 bytes failed: 仅完成部分的 ReadProcessMemory 或 WriteProcessMemory 请求。 (0x12B)
[0113/085355.851:WARNING:pe_image_reader.cc(340)] could not read dos header from C:\WINDOWS\SYSTEM32\CRYPTBASE.DLL
[0113/085355.864:ERROR:process_memory_win.cc(73)] ReadMemory at 0x88e8ff9000 of 28672 bytes failed: 仅完成部分的 ReadProcessMemory 或 WriteProcessMemory 请求。 (0x12B)
[0113/085355.864:ERROR:process_memory_win.cc(73)] ReadMemory at 0x88e97fe000 of 8192 bytes failed: 仅完成部分的 ReadProcessMemory 或 WriteProcessMemory 请求。 (0x12B)
[0113/085355.864:ERROR:process_memory_win.cc(73)] ReadMemory at 0x88e9ffe000 of 8192 bytes failed: 仅完成部分的 ReadProcessMemory 或 WriteProcessMemory 请求。 (0x12B)
[0113/085355.864:ERROR:process_memory_win.cc(73)] ReadMemory at 0x88ea7fe000 of 8192 bytes failed: 仅完成部分的 ReadProcessMemory 或 WriteProcessMemory 请求。 (0x12B)
[0113/085355.864:ERROR:process_memory_win.cc(73)] ReadMemory at 0x88eaffd000 of 12288 bytes failed: 仅完成部分的 ReadProcessMemory 或 WriteProcessMemory 请求。 (0x12B)
[0113/085355.864:ERROR:process_memory_win.cc(73)] ReadMemory at 0x88eb7fe000 of 8192 bytes failed: 仅完成部分的 ReadProcessMemory 或 WriteProcessMemory 请求。 (0x12B)
[0113/085355.864:ERROR:process_memory_win.cc(73)] ReadMemory at 0x88ebfff000 of 4096 bytes failed: 仅完成部分的 ReadProcessMemory 或 WriteProcessMemory 请求。 (0x12B)
[0113/085355.865:ERROR:process_memory_win.cc(73)] ReadMemory at 0x88ec7fe000 of 8192 bytes failed: 仅完成部分的 ReadProcessMemory 或 WriteProcessMemory 请求。 (0x12B)
[0113/085355.865:ERROR:process_memory_win.cc(73)] ReadMemory at 0x88ecffe000 of 8192 bytes failed: 仅完成部分的 ReadProcessMemory 或 WriteProcessMemory 请求。 (0x12B)
[0113/085355.865:ERROR:process_memory_win.cc(73)] ReadMemory at 0x88ed7fe000 of 8192 bytes failed: 仅完成部分的 ReadProcessMemory 或 WriteProcessMemory 请求。 (0x12B)
[0113/085355.865:ERROR:process_memory_win.cc(73)] ReadMemory at 0x88edffe000 of 8192 bytes failed: 仅完成部分的 ReadProcessMemory 或 WriteProcessMemory 请求。 (0x12B)
[0113/085355.865:ERROR:process_memory_win.cc(73)] ReadMemory at 0x88ee7fe000 of 8192 bytes failed: 仅完成部分的 ReadProcessMemory 或 WriteProcessMemory 请求。 (0x12B)
[0113/085355.865:ERROR:process_memory_win.cc(73)] ReadMemory at 0x88eeffe000 of 8192 bytes failed: 仅完成部分的 ReadProcessMemory 或 WriteProcessMemory 请求。 (0x12B)
[0113/085355.865:ERROR:process_memory_win.cc(73)] ReadMemory at 0x88ef7fe000 of 8192 bytes failed: 仅完成部分的 ReadProcessMemory 或 WriteProcessMemory 请求。 (0x12B)
[0113/085355.865:ERROR:process_memory_win.cc(73)] ReadMemory at 0x88efffe000 of 8192 bytes failed: 仅完成部分的 ReadProcessMemory 或 WriteProcessMemory 请求。 (0x12B)
[0113/085355.865:ERROR:process_memory_win.cc(73)] ReadMemory at 0x88f07fe000 of 8192 bytes failed: 仅完成部分的 ReadProcessMemory 或 WriteProcessMemory 请求。 (0x12B)
[0113/085355.865:ERROR:process_memory_win.cc(73)] ReadMemory at 0x88e86b2000 of 852 bytes failed: 仅完成部分的 ReadProcessMemory 或 WriteProcessMemory 请求。 (0x12B)
[0113/085355.865:ERROR:process_memory_win.cc(73)] ReadMemory at 0x88e86b3000 of 6024 bytes failed: 仅完成部分的 ReadProcessMemory 或 WriteProcessMemory 请求。 (0x12B)
[0113/085355.866:ERROR:process_memory_win.cc(73)] ReadMemory at 0x88e86b5000 of 6024 bytes failed: 仅完成部分的 ReadProcessMemory 或 WriteProcessMemory 请求。 (0x12B)
[0113/085355.866:ERROR:process_memory_win.cc(73)] ReadMemory at 0x88e86b7000 of 6024 bytes failed: 仅完成部分的 ReadProcessMemory 或 WriteProcessMemory 请求。 (0x12B)
[0113/085355.866:ERROR:process_memory_win.cc(73)] ReadMemory at 0x88e86b9000 of 6024 bytes failed: 仅完成部分的 ReadProcessMemory 或 WriteProcessMemory 请求。 (0x12B)
[0113/085355.866:ERROR:process_memory_win.cc(73)] ReadMemory at 0x88e86bb000 of 6024 bytes failed: 仅完成部分的 ReadProcessMemory 或 WriteProcessMemory 请求。 (0x12B)
[0113/085355.866:ERROR:process_memory_win.cc(73)] ReadMemory at 0x88e86bd000 of 6024 bytes failed: 仅完成部分的 ReadProcessMemory 或 WriteProcessMemory 请求。 (0x12B)
[0113/085355.866:ERROR:process_memory_win.cc(73)] ReadMemory at 0x88e86bf000 of 6024 bytes failed: 仅完成部分的 ReadProcessMemory 或 WriteProcessMemory 请求。 (0x12B)
[0113/085355.866:ERROR:process_memory_win.cc(73)] ReadMemory at 0x88e86c1000 of 6024 bytes failed: 仅完成部分的 ReadProcessMemory 或 WriteProcessMemory 请求。 (0x12B)
[0113/085355.866:ERROR:process_memory_win.cc(73)] ReadMemory at 0x88e86c3000 of 6024 bytes failed: 仅完成部分的 ReadProcessMemory 或 WriteProcessMemory 请求。 (0x12B)
[0113/085355.866:ERROR:process_memory_win.cc(73)] ReadMemory at 0x88e86c5000 of 6024 bytes failed: 仅完成部分的 ReadProcessMemory 或 WriteProcessMemory 请求。 (0x12B)
[0113/085355.866:ERROR:process_memory_win.cc(73)] ReadMemory at 0x88e86c7000 of 6024 bytes failed: 仅完成部分的 ReadProcessMemory 或 WriteProcessMemory 请求。 (0x12B)
[0113/085355.867:ERROR:process_memory_win.cc(73)] ReadMemory at 0x88e86c9000 of 6024 bytes failed: 仅完成部分的 ReadProcessMemory 或 WriteProcessMemory 请求。 (0x12B)
[0113/085355.867:ERROR:process_memory_win.cc(73)] ReadMemory at 0x88e86cb000 of 6024 bytes failed: 仅完成部分的 ReadProcessMemory 或 WriteProcessMemory 请求。 (0x12B)
[0113/085355.867:ERROR:process_memory_win.cc(73)] ReadMemory at 0x88e86cd000 of 6024 bytes failed: 仅完成部分的 ReadProcessMemory 或 WriteProcessMemory 请求。 (0x12B)
[0113/085355.867:ERROR:process_memory_win.cc(73)] ReadMemory at 0x88e86cf000 of 6024 bytes failed: 仅完成部分的 ReadProcessMemory 或 WriteProcessMemory 请求。 (0x12B)
[0113/085355.867:ERROR:process_memory_win.cc(73)] ReadMemory at 0x88e86d1000 of 6024 bytes failed: 仅完成部分的 ReadProcessMemory 或 WriteProcessMemory 请求。 (0x12B)
[0113/085355.867:ERROR:process_memory_win.cc(73)] ReadMemory at 0x238166c0fe0 of 20572 bytes failed: 仅完成部分的 ReadProcessMemory 或 WriteProcessMemory 请求。 (0x12B)
[0113/085355.867:ERROR:process_memory_win.cc(73)] ReadMemory at 0x238166c6050 of 1012 bytes failed: 仅完成部分的 ReadProcessMemory 或 WriteProcessMemory 请求。 (0x12B)
[0113/085355.867:ERROR:process_memory_win.cc(73)] ReadMemory at 0x238166c6698 of 118 bytes failed: 仅完成部分的 ReadProcessMemory 或 WriteProcessMemory 请求。 (0x12B)
[0113/085355.867:ERROR:process_memory_win.cc(73)] ReadMemory at 0x238166c6710 of 724 bytes failed: 仅完成部分的 ReadProcessMemory 或 WriteProcessMemory 请求。 (0x12B)
[0113/085355.867:ERROR:process_memory_win.cc(73)] ReadMemory at 0x238166c69e6 of 118 bytes failed: 仅完成部分的 ReadProcessMemory 或 WriteProcessMemory 请求。 (0x12B)
[0113/085355.867:ERROR:process_memory_win.cc(73)] ReadMemory at 0x238166c6a5e of 96 bytes failed: 仅完成部分的 ReadProcessMemory 或 WriteProcessMemory 请求。 (0x12B)
[0113/085355.868:ERROR:process_memory_win.cc(73)] ReadMemory at 0x238166c6ad0 of 58 bytes failed: 仅完成部分的 ReadProcessMemory 或 WriteProcessMemory 请求。 (0x12B)
[0113/085355.868:ERROR:process_memory_win.cc(73)] ReadMemory at 0x238166c6bd0 of 132 bytes failed: 仅完成部分的 ReadProcessMemory 或 WriteProcessMemory 请求。 (0x12B)
[0113/085355.868:ERROR:process_memory_win.cc(73)] ReadMemory at 0x238166c6d60 of 132 bytes failed: 仅完成部分的 ReadProcessMemory 或 WriteProcessMemory 请求。 (0x12B)
[0113/085355.868:ERROR:process_memory_win.cc(73)] ReadMemory at 0x238166c6f20 of 124 bytes failed: 仅完成部分的 ReadProcessMemory 或 WriteProcessMemory 请求。 (0x12B)
[0113/085355.868:ERROR:process_memory_win.cc(73)] ReadMemory at 0x238166c7420 of 132 bytes failed: 仅完成部分的 ReadProcessMemory 或 WriteProcessMemory 请求。 (0x12B)
[0113/085355.868:ERROR:process_memory_win.cc(73)] ReadMemory at 0x238166c75b0 of 64 bytes failed: 仅完成部分的 ReadProcessMemory 或 WriteProcessMemory 请求。 (0x12B)
[0113/085355.868:ERROR:process_memory_win.cc(73)] ReadMemory at 0x238166c7770 of 132 bytes failed: 仅完成部分的 ReadProcessMemory 或 WriteProcessMemory 请求。 (0x12B)
[0113/085355.868:ERROR:process_memory_win.cc(73)] ReadMemory at 0x238166c7a10 of 132 bytes failed: 仅完成部分的 ReadProcessMemory 或 WriteProcessMemory 请求。 (0x12B)
[0113/085355.868:ERROR:process_memory_win.cc(73)] ReadMemory at 0x238166c7ba0 of 68 bytes failed: 仅完成部分的 ReadProcessMemory 或 WriteProcessMemory 请求。 (0x12B)
[0113/085355.868:ERROR:process_memory_win.cc(73)] ReadMemory at 0x238166c8c00 of 132 bytes failed: 仅完成部分的 ReadProcessMemory 或 WriteProcessMemory 请求。 (0x12B)
[0113/085355.868:ERROR:process_memory_win.cc(73)] ReadMemory at 0x238166c8d90 of 152 bytes failed: 仅完成部分的 ReadProcessMemory 或 WriteProcessMemory 请求。 (0x12B)
[0113/085355.868:ERROR:process_memory_win.cc(73)] ReadMemory at 0x238166c9ab0 of 62 bytes failed: 仅完成部分的 ReadProcessMemory 或 WriteProcessMemory 请求。 (0x12B)
[0113/085355.868:ERROR:process_memory_win.cc(73)] ReadMemory at 0x238166c9c10 of 132 bytes failed: 仅完成部分的 ReadProcessMemory 或 WriteProcessMemory 请求。 (0x12B)
[0113/085355.869:ERROR:process_memory_win.cc(73)] ReadMemory at 0x238166c9da0 of 60 bytes failed: 仅完成部分的 ReadProcessMemory 或 WriteProcessMemory 请求。 (0x12B)
[0113/085355.869:ERROR:process_memory_win.cc(73)] ReadMemory at 0x238166db4a0 of 54 bytes failed: 仅完成部分的 ReadProcessMemory 或 WriteProcessMemory 请求。 (0x12B)
[0113/085355.869:ERROR:process_memory_win.cc(73)] ReadMemory at 0x238166de020 of 80 bytes failed: 仅完成部分的 ReadProcessMemory 或 WriteProcessMemory 请求。 (0x12B)
[0113/085355.869:ERROR:process_memory_win.cc(73)] ReadMemory at 0x238166df9c0 of 132 bytes failed: 仅完成部分的 ReadProcessMemory 或 WriteProcessMemory 请求。 (0x12B)
[0113/085355.869:ERROR:process_memory_win.cc(73)] ReadMemory at 0x238166dff70 of 132 bytes failed: 仅完成部分的 ReadProcessMemory 或 WriteProcessMemory 请求。 (0x12B)
[0113/085355.869:ERROR:process_memory_win.cc(73)] ReadMemory at 0x238166e0180 of 132 bytes failed: 仅完成部分的 ReadProcessMemory 或 WriteProcessMemory 请求。 (0x12B)
[0113/085355.869:ERROR:process_memory_win.cc(73)] ReadMemory at 0x238166e0740 of 132 bytes failed: 仅完成部分的 ReadProcessMemory 或 WriteProcessMemory 请求。 (0x12B)
[0113/085355.869:ERROR:process_memory_win.cc(73)] ReadMemory at 0x238166e0940 of 132 bytes failed: 仅完成部分的 ReadProcessMemory 或 WriteProcessMemory 请求。 (0x12B)
[0113/085355.869:ERROR:process_memory_win.cc(73)] ReadMemory at 0x238166e0a70 of 132 bytes failed: 仅完成部分的 ReadProcessMemory 或 WriteProcessMemory 请求。 (0x12B)
[0113/085355.869:ERROR:process_memory_win.cc(73)] ReadMemory at 0x238166e0ba0 of 132 bytes failed: 仅完成部分的 ReadProcessMemory 或 WriteProcessMemory 请求。 (0x12B)
[0113/085355.869:ERROR:process_memory_win.cc(73)] ReadMemory at 0x238166e0e00 of 132 bytes failed: 仅完成部分的 ReadProcessMemory 或 WriteProcessMemory 请求。 (0x12B)
[0113/085355.870:ERROR:process_memory_win.cc(73)] ReadMemory at 0x238166e0f30 of 132 bytes failed: 仅完成部分的 ReadProcessMemory 或 WriteProcessMemory 请求。 (0x12B)
[0113/085355.870:ERROR:process_memory_win.cc(73)] ReadMemory at 0x238166e1060 of 132 bytes failed: 仅完成部分的 ReadProcessMemory 或 WriteProcessMemory 请求。 (0x12B)
[0113/085355.870:ERROR:process_memory_win.cc(73)] ReadMemory at 0x238166e1190 of 132 bytes failed: 仅完成部分的 ReadProcessMemory 或 WriteProcessMemory 请求。 (0x12B)
[0113/085355.870:ERROR:process_memory_win.cc(73)] ReadMemory at 0x238166e12c0 of 132 bytes failed: 仅完成部分的 ReadProcessMemory 或 WriteProcessMemory 请求。 (0x12B)
[0113/085355.870:ERROR:process_memory_win.cc(73)] ReadMemory at 0x238166e13f0 of 132 bytes failed: 仅完成部分的 ReadProcessMemory 或 WriteProcessMemory 请求。 (0x12B)
[0113/085355.870:ERROR:process_memory_win.cc(73)] ReadMemory at 0x238166e1520 of 132 bytes failed: 仅完成部分的 ReadProcessMemory 或 WriteProcessMemory 请求。 (0x12B)
[0113/085355.870:ERROR:process_memory_win.cc(73)] ReadMemory at 0x238166e1650 of 132 bytes failed: 仅完成部分的 ReadProcessMemory 或 WriteProcessMemory 请求。 (0x12B)
[0113/085355.870:ERROR:process_memory_win.cc(73)] ReadMemory at 0x238166e1780 of 132 bytes failed: 仅完成部分的 ReadProcessMemory 或 WriteProcessMemory 请求。 (0x12B)
[0113/085355.870:ERROR:process_memory_win.cc(73)] ReadMemory at 0x238166e4680 of 132 bytes failed: 仅完成部分的 ReadProcessMemory 或 WriteProcessMemory 请求。 (0x12B)
[0113/085355.871:ERROR:process_memory_win.cc(73)] ReadMemory at 0x238166e47b0 of 132 bytes failed: 仅完成部分的 ReadProcessMemory 或 WriteProcessMemory 请求。 (0x12B)
[0113/085355.871:ERROR:process_memory_win.cc(73)] ReadMemory at 0x238166e48e0 of 144 bytes failed: 仅完成部分的 ReadProcessMemory 或 WriteProcessMemory 请求。 (0x12B)
[0113/085355.871:ERROR:process_memory_win.cc(73)] ReadMemory at 0x238166e56b0 of 62 bytes failed: 仅完成部分的 ReadProcessMemory 或 WriteProcessMemory 请求。 (0x12B)
[0113/085355.871:ERROR:process_memory_win.cc(73)] ReadMemory at 0x238166eb3d0 of 132 bytes failed: 仅完成部分的 ReadProcessMemory 或 WriteProcessMemory 请求。 (0x12B)
[0113/085355.871:ERROR:process_memory_win.cc(73)] ReadMemory at 0x238166ebb30 of 64 bytes failed: 仅完成部分的 ReadProcessMemory 或 WriteProcessMemory 请求。 (0x12B)
[0113/085355.871:ERROR:process_memory_win.cc(73)] ReadMemory at 0x238166ebb80 of 60 bytes failed: 仅完成部分的 ReadProcessMemory 或 WriteProcessMemory 请求。 (0x12B)
[0113/085355.871:ERROR:process_memory_win.cc(73)] ReadMemory at 0x238166ebbd0 of 64 bytes failed: 仅完成部分的 ReadProcessMemory 或 WriteProcessMemory 请求。 (0x12B)
[0113/085355.871:ERROR:process_memory_win.cc(73)] ReadMemory at 0x238166ebc20 of 64 bytes failed: 仅完成部分的 ReadProcessMemory 或 WriteProcessMemory 请求。 (0x12B)
[0113/085355.871:ERROR:process_memory_win.cc(73)] ReadMemory at 0x238166ebc70 of 64 bytes failed: 仅完成部分的 ReadProcessMemory 或 WriteProcessMemory 请求。 (0x12B)
[0113/085355.871:ERROR:process_memory_win.cc(73)] ReadMemory at 0x238166ebd10 of 62 bytes failed: 仅完成部分的 ReadProcessMemory 或 WriteProcessMemory 请求。 (0x12B)
[0113/085355.871:ERROR:process_memory_win.cc(73)] ReadMemory at 0x238166ebd60 of 60 bytes failed: 仅完成部分的 ReadProcessMemory 或 WriteProcessMemory 请求。 (0x12B)
[0113/085355.872:ERROR:process_memory_win.cc(73)] ReadMemory at 0x238166ebef0 of 62 bytes failed: 仅完成部分的 ReadProcessMemory 或 WriteProcessMemory 请求。 (0x12B)
[0113/085355.872:ERROR:process_memory_win.cc(73)] ReadMemory at 0x238166ebf40 of 60 bytes failed: 仅完成部分的 ReadProcessMemory 或 WriteProcessMemory 请求。 (0x12B)
[0113/085355.872:ERROR:process_memory_win.cc(73)] ReadMemory at 0x238166ebfe0 of 62 bytes failed: 仅完成部分的 ReadProcessMemory 或 WriteProcessMemory 请求。 (0x12B)
[0113/085355.872:ERROR:process_memory_win.cc(73)] ReadMemory at 0x238166ec080 of 62 bytes failed: 仅完成部分的 ReadProcessMemory 或 WriteProcessMemory 请求。 (0x12B)
[0113/085355.872:ERROR:process_memory_win.cc(73)] ReadMemory at 0x238166ec0d0 of 62 bytes failed: 仅完成部分的 ReadProcessMemory 或 WriteProcessMemory 请求。 (0x12B)
[0113/085355.872:ERROR:process_memory_win.cc(73)] ReadMemory at 0x238166ec1c0 of 62 bytes failed: 仅完成部分的 ReadProcessMemory 或 WriteProcessMemory 请求。 (0x12B)
[0113/085355.872:ERROR:process_memory_win.cc(73)] ReadMemory at 0x238166ec210 of 62 bytes failed: 仅完成部分的 ReadProcessMemory 或 WriteProcessMemory 请求。 (0x12B)
[0113/085355.872:ERROR:process_memory_win.cc(73)] ReadMemory at 0x238166ec300 of 64 bytes failed: 仅完成部分的 ReadProcessMemory 或 WriteProcessMemory 请求。 (0x12B)
[0113/085355.872:ERROR:process_memory_win.cc(73)] ReadMemory at 0x238166ec3a0 of 64 bytes failed: 仅完成部分的 ReadProcessMemory 或 WriteProcessMemory 请求。 (0x12B)
[0113/085355.872:ERROR:process_memory_win.cc(73)] ReadMemory at 0x238166ec3f0 of 66 bytes failed: 仅完成部分的 ReadProcessMemory 或 WriteProcessMemory 请求。 (0x12B)
[0113/085355.872:ERROR:process_memory_win.cc(73)] ReadMemory at 0x238166ec530 of 60 bytes failed: 仅完成部分的 ReadProcessMemory 或 WriteProcessMemory 请求。 (0x12B)
[0113/085355.872:ERROR:process_memory_win.cc(73)] ReadMemory at 0x238166ec580 of 60 bytes failed: 仅完成部分的 ReadProcessMemory 或 WriteProcessMemory 请求。 (0x12B)
[0113/085355.872:ERROR:process_memory_win.cc(73)] ReadMemory at 0x238166ec5d0 of 64 bytes failed: 仅完成部分的 ReadProcessMemory 或 WriteProcessMemory 请求。 (0x12B)
[0113/085355.873:ERROR:process_memory_win.cc(73)] ReadMemory at 0x238166ec620 of 60 bytes failed: 仅完成部分的 ReadProcessMemory 或 WriteProcessMemory 请求。 (0x12B)
[0113/085355.873:ERROR:process_memory_win.cc(73)] ReadMemory at 0x238166ec710 of 62 bytes failed: 仅完成部分的 ReadProcessMemory 或 WriteProcessMemory 请求。 (0x12B)
[0113/085355.873:ERROR:process_memory_win.cc(73)] ReadMemory at 0x238166ec7b0 of 58 bytes failed: 仅完成部分的 ReadProcessMemory 或 WriteProcessMemory 请求。 (0x12B)
[0113/085355.873:ERROR:process_memory_win.cc(73)] ReadMemory at 0x238166ec850 of 64 bytes failed: 仅完成部分的 ReadProcessMemory 或 WriteProcessMemory 请求。 (0x12B)
[0113/085355.873:ERROR:process_memory_win.cc(73)] ReadMemory at 0x238166ec8a0 of 62 bytes failed: 仅完成部分的 ReadProcessMemory 或 WriteProcessMemory 请求。 (0x12B)
[0113/085355.873:ERROR:process_memory_win.cc(73)] ReadMemory at 0x238166ec8f0 of 66 bytes failed: 仅完成部分的 ReadProcessMemory 或 WriteProcessMemory 请求。 (0x12B)
[0113/085355.873:ERROR:process_memory_win.cc(73)] ReadMemory at 0x238166ef420 of 132 bytes failed: 仅完成部分的 ReadProcessMemory 或 WriteProcessMemory 请求。 (0x12B)
[0113/085355.874:ERROR:process_memory_win.cc(73)] ReadMemory at 0x238166ef640 of 132 bytes failed: 仅完成部分的 ReadProcessMemory 或 WriteProcessMemory 请求。 (0x12B)
[0113/085355.874:ERROR:process_memory_win.cc(73)] ReadMemory at 0x238166ef9a0 of 132 bytes failed: 仅完成部分的 ReadProcessMemory 或 WriteProcessMemory 请求。 (0x12B)
[0113/085355.874:ERROR:process_memory_win.cc(73)] ReadMemory at 0x238166f0620 of 80 bytes failed: 仅完成部分的 ReadProcessMemory 或 WriteProcessMemory 请求。 (0x12B)
[0113/085355.874:ERROR:process_memory_win.cc(73)] ReadMemory at 0x238166f0920 of 76 bytes failed: 仅完成部分的 ReadProcessMemory 或 WriteProcessMemory 请求。 (0x12B)
[0113/085355.874:ERROR:process_memory_win.cc(73)] ReadMemory at 0x238166f10a0 of 132 bytes failed: 仅完成部分的 ReadProcessMemory 或 WriteProcessMemory 请求。 (0x12B)
[0113/085355.874:ERROR:process_memory_win.cc(73)] ReadMemory at 0x238166f2010 of 132 bytes failed: 仅完成部分的 ReadProcessMemory 或 WriteProcessMemory 请求。 (0x12B)
[0113/085355.874:ERROR:process_memory_win.cc(73)] ReadMemory at 0x238166f2140 of 132 bytes failed: 仅完成部分的 ReadProcessMemory 或 WriteProcessMemory 请求。 (0x12B)
[0113/085355.874:ERROR:process_memory_win.cc(73)] ReadMemory at 0x238166f2270 of 132 bytes failed: 仅完成部分的 ReadProcessMemory 或 WriteProcessMemory 请求。 (0x12B)
[0113/085355.874:ERROR:process_memory_win.cc(73)] ReadMemory at 0x238166f24d0 of 132 bytes failed: 仅完成部分的 ReadProcessMemory 或 WriteProcessMemory 请求。 (0x12B)
[0113/085355.874:ERROR:process_memory_win.cc(73)] ReadMemory at 0x238166f2860 of 132 bytes failed: 仅完成部分的 ReadProcessMemory 或 WriteProcessMemory 请求。 (0x12B)
[0113/085355.875:ERROR:process_memory_win.cc(73)] ReadMemory at 0x238166f2990 of 132 bytes failed: 仅完成部分的 ReadProcessMemory 或 WriteProcessMemory 请求。 (0x12B)
[0113/085355.875:ERROR:process_memory_win.cc(73)] ReadMemory at 0x238166f2ac0 of 132 bytes failed: 仅完成部分的 ReadProcessMemory 或 WriteProcessMemory 请求。 (0x12B)
[0113/085355.875:ERROR:process_memory_win.cc(73)] ReadMemory at 0x238166f2bf0 of 132 bytes failed: 仅完成部分的 ReadProcessMemory 或 WriteProcessMemory 请求。 (0x12B)
[0113/085355.875:ERROR:process_memory_win.cc(73)] ReadMemory at 0x238166f2d20 of 132 bytes failed: 仅完成部分的 ReadProcessMemory 或 WriteProcessMemory 请求。 (0x12B)
[0113/085355.875:ERROR:process_memory_win.cc(73)] ReadMemory at 0x238167412a0 of 640 bytes failed: 仅完成部分的 ReadProcessMemory 或 WriteProcessMemory 请求。 (0x12B)
[0113/085355.875:ERROR:process_memory_win.cc(73)] ReadMemory at 0x238167425a0 of 512 bytes failed: 仅完成部分的 ReadProcessMemory 或 WriteProcessMemory 请求。 (0x12B)
[0113/085355.875:ERROR:process_memory_win.cc(73)] ReadMemory at 0x23816742b70 of 512 bytes failed: 仅完成部分的 ReadProcessMemory 或 WriteProcessMemory 请求。 (0x12B)
[0113/085355.875:ERROR:process_memory_win.cc(73)] ReadMemory at 0x23816760310 of 512 bytes failed: 仅完成部分的 ReadProcessMemory 或 WriteProcessMemory 请求。 (0x12B)
[0113/085355.876:ERROR:process_memory_win.cc(73)] ReadMemory at 0x23816771e70 of 512 bytes failed: 仅完成部分的 ReadProcessMemory 或 WriteProcessMemory 请求。 (0x12B)
[0113/085355.876:ERROR:process_memory_win.cc(73)] ReadMemory at 0x23816772e80 of 512 bytes failed: 仅完成部分的 ReadProcessMemory 或 WriteProcessMemory 请求。 (0x12B)
[0113/085355.876:ERROR:process_memory_win.cc(73)] ReadMemory at 0x23816777ed0 of 512 bytes failed: 仅完成部分的 ReadProcessMemory 或 WriteProcessMemory 请求。 (0x12B)
[0113/085355.876:ERROR:process_memory_win.cc(73)] ReadMemory at 0x2381677a9f0 of 512 bytes failed: 仅完成部分的 ReadProcessMemory 或 WriteProcessMemory 请求。 (0x12B)
[0113/085355.876:ERROR:process_memory_win.cc(73)] ReadMemory at 0x23816786870 of 712 bytes failed: 仅完成部分的 ReadProcessMemory 或 WriteProcessMemory 请求。 (0x12B)
[0113/085355.876:ERROR:process_memory_win.cc(73)] ReadMemory at 0x23816787c90 of 512 bytes failed: 仅完成部分的 ReadProcessMemory 或 WriteProcessMemory 请求。 (0x12B)
[0113/085355.876:ERROR:process_memory_win.cc(73)] ReadMemory at 0x23816787f50 of 512 bytes failed: 仅完成部分的 ReadProcessMemory 或 WriteProcessMemory 请求。 (0x12B)
[0113/085355.877:ERROR:process_memory_win.cc(73)] ReadMemory at 0x238167a91c0 of 512 bytes failed: 仅完成部分的 ReadProcessMemory 或 WriteProcessMemory 请求。 (0x12B)
[0113/085355.877:ERROR:process_memory_win.cc(73)] ReadMemory at 0x23816823280 of 512 bytes failed: 仅完成部分的 ReadProcessMemory 或 WriteProcessMemory 请求。 (0x12B)
[0113/085355.877:ERROR:process_memory_win.cc(73)] ReadMemory at 0x23818231320 of 512 bytes failed: 仅完成部分的 ReadProcessMemory 或 WriteProcessMemory 请求。 (0x12B)
[0113/085355.877:ERROR:process_memory_win.cc(73)] ReadMemory at 0x23818237786 of 688 bytes failed: 仅完成部分的 ReadProcessMemory 或 WriteProcessMemory 请求。 (0x12B)
[0113/085355.877:ERROR:process_memory_win.cc(73)] ReadMemory at 0x23818237a86 of 624 bytes failed: 仅完成部分的 ReadProcessMemory 或 WriteProcessMemory 请求。 (0x12B)
[0113/085355.877:ERROR:process_memory_win.cc(73)] ReadMemory at 0x238182c8bf8 of 1376 bytes failed: 仅完成部分的 ReadProcessMemory 或 WriteProcessMemory 请求。 (0x12B)
[0113/085355.877:ERROR:process_memory_win.cc(73)] ReadMemory at 0x238182c9228 of 512 bytes failed: 仅完成部分的 ReadProcessMemory 或 WriteProcessMemory 请求。 (0x12B)
[0113/085355.877:ERROR:process_memory_win.cc(73)] ReadMemory at 0x238182ca038 of 512 bytes failed: 仅完成部分的 ReadProcessMemory 或 WriteProcessMemory 请求。 (0x12B)
[0113/085355.877:ERROR:process_memory_win.cc(73)] ReadMemory at 0x23818322870 of 512 bytes failed: 仅完成部分的 ReadProcessMemory 或 WriteProcessMemory 请求。 (0x12B)
[0113/085355.878:ERROR:process_memory_win.cc(73)] ReadMemory at 0x23818323370 of 512 bytes failed: 仅完成部分的 ReadProcessMemory 或 WriteProcessMemory 请求。 (0x12B)
[0113/085355.878:ERROR:process_memory_win.cc(73)] ReadMemory at 0x23818324550 of 512 bytes failed: 仅完成部分的 ReadProcessMemory 或 WriteProcessMemory 请求。 (0x12B)
[0113/085355.878:ERROR:process_memory_win.cc(73)] ReadMemory at 0x2381845ae98 of 512 bytes failed: 仅完成部分的 ReadProcessMemory 或 WriteProcessMemory 请求。 (0x12B)
[0113/085355.878:ERROR:process_memory_win.cc(73)] ReadMemory at 0x23818481780 of 584 bytes failed: 仅完成部分的 ReadProcessMemory 或 WriteProcessMemory 请求。 (0x12B)
[0113/085355.878:ERROR:process_memory_win.cc(73)] ReadMemory at 0x23818484ab0 of 512 bytes failed: 仅完成部分的 ReadProcessMemory 或 WriteProcessMemory 请求。 (0x12B)
[0113/085355.878:ERROR:process_memory_win.cc(73)] ReadMemory at 0x7ffc9bd6c460 of 512 bytes failed: 仅完成部分的 ReadProcessMemory 或 WriteProcessMemory 请求。 (0x12B)
[0113/085355.878:ERROR:process_memory_win.cc(73)] ReadMemory at 0x7ffc9c5a214f of 512 bytes failed: 仅完成部分的 ReadProcessMemory 或 WriteProcessMemory 请求。 (0x12B)
[0113/085355.878:ERROR:process_memory_win.cc(73)] ReadMemory at 0x7ffcebabd6e0 of 512 bytes failed: 仅完成部分的 ReadProcessMemory 或 WriteProcessMemory 请求。 (0x12B)
[0113/085355.878:ERROR:process_memory_win.cc(73)] ReadMemory at 0x7ffcecb51fd0 of 512 bytes failed: 仅完成部分的 ReadProcessMemory 或 WriteProcessMemory 请求。 (0x12B)
[0113/085355.879:ERROR:process_memory_win.cc(73)] ReadMemory at 0x7ffcee97c6f4 of 672 bytes failed: 仅完成部分的 ReadProcessMemory 或 WriteProcessMemory 请求。 (0x12B)
[0113/085355.879:ERROR:process_memory_win.cc(73)] ReadMemory at 0x7ffcee97ccf4 of 512 bytes failed: 仅完成部分的 ReadProcessMemory 或 WriteProcessMemory 请求。 (0x12B)
[0113/085355.879:ERROR:process_memory_win.cc(73)] ReadMemory at 0x7ffcee97ffa4 of 608 bytes failed: 仅完成部分的 ReadProcessMemory 或 WriteProcessMemory 请求。 (0x12B)
[0113/085355.879:ERROR:process_memory_win.cc(73)] ReadMemory at 0x7ffceea0c428 of 18 bytes failed: 仅完成部分的 ReadProcessMemory 或 WriteProcessMemory 请求。 (0x12B)
[0113/085355.879:ERROR:process_memory_win.cc(73)] ReadMemory at 0x7ffceea3f4f8 of 40 bytes failed: 仅完成部分的 ReadProcessMemory 或 WriteProcessMemory 请求。 (0x12B)
[0113/085355.879:ERROR:process_memory_win.cc(73)] ReadMemory at 0x7ffceea3f978 of 48 bytes failed: 仅完成部分的 ReadProcessMemory 或 WriteProcessMemory 请求。 (0x12B)
[0113/085355.879:ERROR:process_memory_win.cc(73)] ReadMemory at 0x7ffceea453c0 of 64 bytes failed: 仅完成部分的 ReadProcessMemory 或 WriteProcessMemory 请求。 (0x12B)
[0113/085355.882:ERROR:scoped_process_suspend.cc(40)] NtResumeProcess: 已尝试访问正在退出的过程。 (0xc000010a)
